[2023-10-06 01:37:38,810] {taskinstance.py:1032} INFO - Dependencies all met for <TaskInstance: simple_etl_dag.run_tables_exists_task manual__2023-10-06T01:37:26.237581+00:00 [queued]>
[2023-10-06 01:37:38,836] {taskinstance.py:1032} INFO - Dependencies all met for <TaskInstance: simple_etl_dag.run_tables_exists_task manual__2023-10-06T01:37:26.237581+00:00 [queued]>
[2023-10-06 01:37:38,836] {taskinstance.py:1238} INFO - 
--------------------------------------------------------------------------------
[2023-10-06 01:37:38,837] {taskinstance.py:1239} INFO - Starting attempt 1 of 1
[2023-10-06 01:37:38,837] {taskinstance.py:1240} INFO - 
--------------------------------------------------------------------------------
[2023-10-06 01:37:38,863] {taskinstance.py:1259} INFO - Executing <Task(PythonOperator): run_tables_exists_task> on 2023-10-06 01:37:26.237581+00:00
[2023-10-06 01:37:38,869] {standard_task_runner.py:52} INFO - Started process 412 to run task
[2023-10-06 01:37:38,875] {standard_task_runner.py:76} INFO - Running: ['***', 'tasks', 'run', 'simple_etl_dag', 'run_tables_exists_task', 'manual__2023-10-06T01:37:26.237581+00:00', '--job-id', '3', '--raw', '--subdir', 'DAGS_FOLDER/dag_simple_etl.py', '--cfg-path', '/tmp/tmpls8f4gdy', '--error-file', '/tmp/tmpq0wo7axr']
[2023-10-06 01:37:38,877] {standard_task_runner.py:77} INFO - Job 3: Subtask run_tables_exists_task
[2023-10-06 01:37:38,958] {logging_mixin.py:109} INFO - Running <TaskInstance: simple_etl_dag.run_tables_exists_task manual__2023-10-06T01:37:26.237581+00:00 [running]> on host 4de431a01a41
[2023-10-06 01:37:39,042] {taskinstance.py:1426} INFO - Exporting the following env vars:
AIRFLOW_CTX_DAG_OWNER=Airflow
AIRFLOW_CTX_DAG_ID=simple_etl_dag
AIRFLOW_CTX_TASK_ID=run_tables_exists_task
AIRFLOW_CTX_EXECUTION_DATE=2023-10-06T01:37:26.237581+00:00
AIRFLOW_CTX_DAG_RUN_ID=manual__2023-10-06T01:37:26.237581+00:00
[2023-10-06 01:37:39,044] {logging_mixin.py:109} INFO - >>> Running 'tables_exists' function. Logged at 2023-10-06 01:37:39.043977+00:00
[2023-10-06 01:37:39,044] {logging_mixin.py:109} INFO - >>> Running 'connect_db' function. Logged at 2023-10-06 01:37:39.044569+00:00
[2023-10-06 01:37:39,045] {logging_mixin.py:109} INFO - Connecting to DB
[2023-10-06 01:37:39,056] {logging_mixin.py:109} INFO - >>> Function: 'connect_db' executed. Logged at 2023-10-06 01:37:39.044569+00:00
[2023-10-06 01:37:39,056] {logging_mixin.py:109} INFO - Checking if tables exists
[2023-10-06 01:37:39,057] {logging_mixin.py:109} INFO - >>> Running 'check_table_exists' function. Logged at 2023-10-06 01:37:39.056920+00:00
[2023-10-06 01:37:39,060] {logging_mixin.py:109} INFO - 'raw_wine_quality_dataset' exists in the DB!
[2023-10-06 01:37:39,061] {logging_mixin.py:109} INFO - >>> Function: 'check_table_exists' executed. Logged at 2023-10-06 01:37:39.056920+00:00
[2023-10-06 01:37:39,061] {logging_mixin.py:109} INFO - >>> Running 'check_table_exists' function. Logged at 2023-10-06 01:37:39.061434+00:00
[2023-10-06 01:37:39,063] {logging_mixin.py:109} INFO - 'clean_wine_quality_dataset' exists in the DB!
[2023-10-06 01:37:39,064] {logging_mixin.py:109} INFO - >>> Function: 'check_table_exists' executed. Logged at 2023-10-06 01:37:39.061434+00:00
[2023-10-06 01:37:39,065] {logging_mixin.py:109} INFO - >>> Function: 'tables_exists' executed. Logged at 2023-10-06 01:37:39.043977+00:00
[2023-10-06 01:37:39,065] {python.py:175} INFO - Done. Returned value was: None
[2023-10-06 01:37:39,085] {taskinstance.py:1277} INFO - Marking task as SUCCESS. dag_id=simple_etl_dag, task_id=run_tables_exists_task, execution_date=20231006T013726, start_date=20231006T013738, end_date=20231006T013739
[2023-10-06 01:37:39,131] {local_task_job.py:154} INFO - Task exited with return code 0
[2023-10-06 01:37:39,182] {local_task_job.py:264} INFO - 0 downstream tasks scheduled from follow-on schedule check
