[2023-10-06 10:46:56,316] {processor.py:163} INFO - Started process (PID=2189) to work on /opt/airflow/dags/dag_fligoo_etl.py
[2023-10-06 10:46:56,318] {processor.py:642} INFO - Processing file /opt/airflow/dags/dag_fligoo_etl.py for tasks to queue
[2023-10-06 10:46:56,319] {logging_mixin.py:109} INFO - [2023-10-06 10:46:56,319] {dagbag.py:500} INFO - Filling up the DagBag from /opt/airflow/dags/dag_fligoo_etl.py
[2023-10-06 10:46:57,774] {processor.py:654} INFO - DAG(s) dict_keys(['dag_fligoo_etl']) retrieved from /opt/airflow/dags/dag_fligoo_etl.py
[2023-10-06 10:47:01,707] {logging_mixin.py:109} INFO - [2023-10-06 10:47:01,707] {manager.py:496} INFO - Created Permission View: can read on DAG:dag_fligoo_etl
[2023-10-06 10:47:01,721] {logging_mixin.py:109} INFO - [2023-10-06 10:47:01,721] {manager.py:496} INFO - Created Permission View: can edit on DAG:dag_fligoo_etl
[2023-10-06 10:47:01,722] {logging_mixin.py:109} INFO - [2023-10-06 10:47:01,722] {dag.py:2396} INFO - Sync 1 DAGs
[2023-10-06 10:47:01,739] {logging_mixin.py:109} INFO - [2023-10-06 10:47:01,738] {dag.py:2415} INFO - Creating ORM DAG for dag_fligoo_etl
[2023-10-06 10:47:01,756] {logging_mixin.py:109} INFO - [2023-10-06 10:47:01,756] {dag.py:2935} INFO - Setting next_dagrun for dag_fligoo_etl to None
[2023-10-06 10:47:01,774] {processor.py:171} INFO - Processing /opt/airflow/dags/dag_fligoo_etl.py took 5.464 seconds
[2023-10-06 10:47:51,269] {processor.py:163} INFO - Started process (PID=2257) to work on /opt/airflow/dags/dag_fligoo_etl.py
[2023-10-06 10:47:51,271] {processor.py:642} INFO - Processing file /opt/airflow/dags/dag_fligoo_etl.py for tasks to queue
[2023-10-06 10:47:51,273] {logging_mixin.py:109} INFO - [2023-10-06 10:47:51,272] {dagbag.py:500} INFO - Filling up the DagBag from /opt/airflow/dags/dag_fligoo_etl.py
[2023-10-06 10:47:52,761] {processor.py:654} INFO - DAG(s) dict_keys(['dag_fligoo_etl']) retrieved from /opt/airflow/dags/dag_fligoo_etl.py
[2023-10-06 10:47:52,783] {logging_mixin.py:109} INFO - [2023-10-06 10:47:52,782] {dag.py:2396} INFO - Sync 1 DAGs
[2023-10-06 10:47:52,818] {logging_mixin.py:109} INFO - [2023-10-06 10:47:52,818] {dag.py:2935} INFO - Setting next_dagrun for dag_fligoo_etl to None
[2023-10-06 10:47:52,845] {processor.py:171} INFO - Processing /opt/airflow/dags/dag_fligoo_etl.py took 1.580 seconds
[2023-10-06 10:48:53,404] {processor.py:163} INFO - Started process (PID=2341) to work on /opt/airflow/dags/dag_fligoo_etl.py
[2023-10-06 10:48:53,406] {processor.py:642} INFO - Processing file /opt/airflow/dags/dag_fligoo_etl.py for tasks to queue
[2023-10-06 10:48:53,407] {logging_mixin.py:109} INFO - [2023-10-06 10:48:53,407] {dagbag.py:500} INFO - Filling up the DagBag from /opt/airflow/dags/dag_fligoo_etl.py
[2023-10-06 10:48:54,889] {processor.py:654} INFO - DAG(s) dict_keys(['dag_fligoo_etl']) retrieved from /opt/airflow/dags/dag_fligoo_etl.py
[2023-10-06 10:48:54,912] {logging_mixin.py:109} INFO - [2023-10-06 10:48:54,910] {dag.py:2396} INFO - Sync 1 DAGs
[2023-10-06 10:48:54,946] {logging_mixin.py:109} INFO - [2023-10-06 10:48:54,946] {dag.py:2935} INFO - Setting next_dagrun for dag_fligoo_etl to None
[2023-10-06 10:48:54,961] {processor.py:171} INFO - Processing /opt/airflow/dags/dag_fligoo_etl.py took 1.561 seconds
[2023-10-06 10:49:55,117] {processor.py:163} INFO - Started process (PID=2409) to work on /opt/airflow/dags/dag_fligoo_etl.py
[2023-10-06 10:49:55,119] {processor.py:642} INFO - Processing file /opt/airflow/dags/dag_fligoo_etl.py for tasks to queue
[2023-10-06 10:49:55,120] {logging_mixin.py:109} INFO - [2023-10-06 10:49:55,120] {dagbag.py:500} INFO - Filling up the DagBag from /opt/airflow/dags/dag_fligoo_etl.py
[2023-10-06 10:49:56,544] {processor.py:654} INFO - DAG(s) dict_keys(['dag_fligoo_etl']) retrieved from /opt/airflow/dags/dag_fligoo_etl.py
[2023-10-06 10:49:56,565] {logging_mixin.py:109} INFO - [2023-10-06 10:49:56,564] {dag.py:2396} INFO - Sync 1 DAGs
[2023-10-06 10:49:56,599] {logging_mixin.py:109} INFO - [2023-10-06 10:49:56,598] {dag.py:2935} INFO - Setting next_dagrun for dag_fligoo_etl to None
[2023-10-06 10:49:56,614] {processor.py:171} INFO - Processing /opt/airflow/dags/dag_fligoo_etl.py took 1.501 seconds
[2023-10-06 10:50:06,297] {processor.py:163} INFO - Started process (PID=2435) to work on /opt/airflow/dags/dag_fligoo_etl.py
[2023-10-06 10:50:06,299] {processor.py:642} INFO - Processing file /opt/airflow/dags/dag_fligoo_etl.py for tasks to queue
[2023-10-06 10:50:06,300] {logging_mixin.py:109} INFO - [2023-10-06 10:50:06,300] {dagbag.py:500} INFO - Filling up the DagBag from /opt/airflow/dags/dag_fligoo_etl.py
[2023-10-06 10:50:07,738] {processor.py:654} INFO - DAG(s) dict_keys(['dag_fligoo_etl']) retrieved from /opt/airflow/dags/dag_fligoo_etl.py
[2023-10-06 10:50:07,760] {logging_mixin.py:109} INFO - [2023-10-06 10:50:07,759] {dag.py:2396} INFO - Sync 1 DAGs
[2023-10-06 10:50:07,797] {logging_mixin.py:109} INFO - [2023-10-06 10:50:07,796] {dag.py:2935} INFO - Setting next_dagrun for dag_fligoo_etl to None
[2023-10-06 10:50:07,818] {processor.py:171} INFO - Processing /opt/airflow/dags/dag_fligoo_etl.py took 1.525 seconds
[2023-10-06 10:51:08,487] {processor.py:163} INFO - Started process (PID=2503) to work on /opt/airflow/dags/dag_fligoo_etl.py
[2023-10-06 10:51:08,489] {processor.py:642} INFO - Processing file /opt/airflow/dags/dag_fligoo_etl.py for tasks to queue
[2023-10-06 10:51:08,490] {logging_mixin.py:109} INFO - [2023-10-06 10:51:08,490] {dagbag.py:500} INFO - Filling up the DagBag from /opt/airflow/dags/dag_fligoo_etl.py
[2023-10-06 10:51:09,941] {processor.py:654} INFO - DAG(s) dict_keys(['dag_fligoo_etl']) retrieved from /opt/airflow/dags/dag_fligoo_etl.py
[2023-10-06 10:51:09,962] {logging_mixin.py:109} INFO - [2023-10-06 10:51:09,961] {dag.py:2396} INFO - Sync 1 DAGs
[2023-10-06 10:51:09,997] {logging_mixin.py:109} INFO - [2023-10-06 10:51:09,996] {dag.py:2935} INFO - Setting next_dagrun for dag_fligoo_etl to None
[2023-10-06 10:51:10,011] {processor.py:171} INFO - Processing /opt/airflow/dags/dag_fligoo_etl.py took 1.529 seconds
[2023-10-06 10:51:50,830] {processor.py:163} INFO - Started process (PID=2555) to work on /opt/airflow/dags/dag_fligoo_etl.py
[2023-10-06 10:51:50,832] {processor.py:642} INFO - Processing file /opt/airflow/dags/dag_fligoo_etl.py for tasks to queue
[2023-10-06 10:51:50,834] {logging_mixin.py:109} INFO - [2023-10-06 10:51:50,833] {dagbag.py:500} INFO - Filling up the DagBag from /opt/airflow/dags/dag_fligoo_etl.py
[2023-10-06 10:51:50,841] {logging_mixin.py:109} INFO - [2023-10-06 10:51:50,839] {dagbag.py:334} ERROR - Failed to import: /opt/airflow/dags/dag_fligoo_etl.py
Traceback (most recent call last):
  File "/home/airflow/.local/lib/python3.7/site-packages/airflow/models/dagbag.py", line 331, in _load_modules_from_file
    loader.exec_module(new_module)
  File "<frozen importlib._bootstrap_external>", line 724, in exec_module
  File "<frozen importlib._bootstrap_external>", line 860, in get_code
  File "<frozen importlib._bootstrap_external>", line 791, in source_to_code
  File "<frozen importlib._bootstrap>", line 219, in _call_with_frames_removed
  File "/opt/airflow/dags/dag_fligoo_etl.py", line 86
    , params)
    ^
SyntaxError: invalid syntax
[2023-10-06 10:51:50,859] {processor.py:690} INFO - Deactivated 1 DAGs which are no longer present in /opt/airflow/dags/dag_fligoo_etl.py
[2023-10-06 10:51:50,860] {processor.py:656} WARNING - No viable dags retrieved from /opt/airflow/dags/dag_fligoo_etl.py
[2023-10-06 10:51:50,873] {processor.py:171} INFO - Processing /opt/airflow/dags/dag_fligoo_etl.py took 0.048 seconds
[2023-10-06 10:52:00,920] {processor.py:163} INFO - Started process (PID=2573) to work on /opt/airflow/dags/dag_fligoo_etl.py
[2023-10-06 10:52:00,922] {processor.py:642} INFO - Processing file /opt/airflow/dags/dag_fligoo_etl.py for tasks to queue
[2023-10-06 10:52:00,923] {logging_mixin.py:109} INFO - [2023-10-06 10:52:00,923] {dagbag.py:500} INFO - Filling up the DagBag from /opt/airflow/dags/dag_fligoo_etl.py
[2023-10-06 10:52:00,931] {logging_mixin.py:109} INFO - [2023-10-06 10:52:00,929] {dagbag.py:334} ERROR - Failed to import: /opt/airflow/dags/dag_fligoo_etl.py
Traceback (most recent call last):
  File "/home/airflow/.local/lib/python3.7/site-packages/airflow/models/dagbag.py", line 331, in _load_modules_from_file
    loader.exec_module(new_module)
  File "<frozen importlib._bootstrap_external>", line 724, in exec_module
  File "<frozen importlib._bootstrap_external>", line 860, in get_code
  File "<frozen importlib._bootstrap_external>", line 791, in source_to_code
  File "<frozen importlib._bootstrap>", line 219, in _call_with_frames_removed
  File "/opt/airflow/dags/dag_fligoo_etl.py", line 86
    , params)
    ^
SyntaxError: invalid syntax
[2023-10-06 10:52:00,950] {processor.py:656} WARNING - No viable dags retrieved from /opt/airflow/dags/dag_fligoo_etl.py
[2023-10-06 10:52:00,965] {processor.py:171} INFO - Processing /opt/airflow/dags/dag_fligoo_etl.py took 0.049 seconds
[2023-10-06 10:52:16,069] {processor.py:163} INFO - Started process (PID=2591) to work on /opt/airflow/dags/dag_fligoo_etl.py
[2023-10-06 10:52:16,071] {processor.py:642} INFO - Processing file /opt/airflow/dags/dag_fligoo_etl.py for tasks to queue
[2023-10-06 10:52:16,072] {logging_mixin.py:109} INFO - [2023-10-06 10:52:16,072] {dagbag.py:500} INFO - Filling up the DagBag from /opt/airflow/dags/dag_fligoo_etl.py
[2023-10-06 10:52:17,646] {processor.py:654} INFO - DAG(s) dict_keys(['dag_fligoo_etl']) retrieved from /opt/airflow/dags/dag_fligoo_etl.py
[2023-10-06 10:52:17,669] {logging_mixin.py:109} INFO - [2023-10-06 10:52:17,668] {dag.py:2396} INFO - Sync 1 DAGs
[2023-10-06 10:52:17,706] {logging_mixin.py:109} INFO - [2023-10-06 10:52:17,706] {dag.py:2935} INFO - Setting next_dagrun for dag_fligoo_etl to None
[2023-10-06 10:52:17,727] {processor.py:171} INFO - Processing /opt/airflow/dags/dag_fligoo_etl.py took 1.664 seconds
[2023-10-06 10:53:18,398] {processor.py:163} INFO - Started process (PID=2659) to work on /opt/airflow/dags/dag_fligoo_etl.py
[2023-10-06 10:53:18,401] {processor.py:642} INFO - Processing file /opt/airflow/dags/dag_fligoo_etl.py for tasks to queue
[2023-10-06 10:53:18,402] {logging_mixin.py:109} INFO - [2023-10-06 10:53:18,402] {dagbag.py:500} INFO - Filling up the DagBag from /opt/airflow/dags/dag_fligoo_etl.py
[2023-10-06 10:53:19,895] {processor.py:654} INFO - DAG(s) dict_keys(['dag_fligoo_etl']) retrieved from /opt/airflow/dags/dag_fligoo_etl.py
[2023-10-06 10:53:19,917] {logging_mixin.py:109} INFO - [2023-10-06 10:53:19,916] {dag.py:2396} INFO - Sync 1 DAGs
[2023-10-06 10:53:19,950] {logging_mixin.py:109} INFO - [2023-10-06 10:53:19,950] {dag.py:2935} INFO - Setting next_dagrun for dag_fligoo_etl to None
[2023-10-06 10:53:19,965] {processor.py:171} INFO - Processing /opt/airflow/dags/dag_fligoo_etl.py took 1.573 seconds
[2023-10-06 10:53:34,113] {processor.py:163} INFO - Started process (PID=2695) to work on /opt/airflow/dags/dag_fligoo_etl.py
[2023-10-06 10:53:34,117] {processor.py:642} INFO - Processing file /opt/airflow/dags/dag_fligoo_etl.py for tasks to queue
[2023-10-06 10:53:34,119] {logging_mixin.py:109} INFO - [2023-10-06 10:53:34,118] {dagbag.py:500} INFO - Filling up the DagBag from /opt/airflow/dags/dag_fligoo_etl.py
[2023-10-06 10:53:35,441] {processor.py:654} INFO - DAG(s) dict_keys(['dag_fligoo_etl']) retrieved from /opt/airflow/dags/dag_fligoo_etl.py
[2023-10-06 10:53:35,464] {logging_mixin.py:109} INFO - [2023-10-06 10:53:35,462] {dag.py:2396} INFO - Sync 1 DAGs
[2023-10-06 10:53:35,498] {logging_mixin.py:109} INFO - [2023-10-06 10:53:35,497] {dag.py:2935} INFO - Setting next_dagrun for dag_fligoo_etl to None
[2023-10-06 10:53:35,521] {processor.py:171} INFO - Processing /opt/airflow/dags/dag_fligoo_etl.py took 1.419 seconds
[2023-10-06 10:54:32,705] {processor.py:163} INFO - Started process (PID=2763) to work on /opt/airflow/dags/dag_fligoo_etl.py
[2023-10-06 10:54:32,709] {processor.py:642} INFO - Processing file /opt/airflow/dags/dag_fligoo_etl.py for tasks to queue
[2023-10-06 10:54:32,711] {logging_mixin.py:109} INFO - [2023-10-06 10:54:32,710] {dagbag.py:500} INFO - Filling up the DagBag from /opt/airflow/dags/dag_fligoo_etl.py
[2023-10-06 10:54:34,058] {processor.py:654} INFO - DAG(s) dict_keys(['dag_fligoo_etl']) retrieved from /opt/airflow/dags/dag_fligoo_etl.py
[2023-10-06 10:54:34,080] {logging_mixin.py:109} INFO - [2023-10-06 10:54:34,079] {dag.py:2396} INFO - Sync 1 DAGs
[2023-10-06 10:54:34,113] {logging_mixin.py:109} INFO - [2023-10-06 10:54:34,113] {dag.py:2935} INFO - Setting next_dagrun for dag_fligoo_etl to None
[2023-10-06 10:54:34,132] {processor.py:171} INFO - Processing /opt/airflow/dags/dag_fligoo_etl.py took 1.434 seconds
[2023-10-06 10:55:34,572] {processor.py:163} INFO - Started process (PID=2841) to work on /opt/airflow/dags/dag_fligoo_etl.py
[2023-10-06 10:55:34,574] {processor.py:642} INFO - Processing file /opt/airflow/dags/dag_fligoo_etl.py for tasks to queue
[2023-10-06 10:55:34,575] {logging_mixin.py:109} INFO - [2023-10-06 10:55:34,575] {dagbag.py:500} INFO - Filling up the DagBag from /opt/airflow/dags/dag_fligoo_etl.py
[2023-10-06 10:55:35,980] {processor.py:654} INFO - DAG(s) dict_keys(['dag_fligoo_etl']) retrieved from /opt/airflow/dags/dag_fligoo_etl.py
[2023-10-06 10:55:36,001] {logging_mixin.py:109} INFO - [2023-10-06 10:55:36,000] {dag.py:2396} INFO - Sync 1 DAGs
[2023-10-06 10:55:36,037] {logging_mixin.py:109} INFO - [2023-10-06 10:55:36,037] {dag.py:2935} INFO - Setting next_dagrun for dag_fligoo_etl to None
[2023-10-06 10:55:36,054] {processor.py:171} INFO - Processing /opt/airflow/dags/dag_fligoo_etl.py took 1.488 seconds
[2023-10-06 10:55:54,156] {processor.py:163} INFO - Started process (PID=2873) to work on /opt/airflow/dags/dag_fligoo_etl.py
[2023-10-06 10:55:54,158] {processor.py:642} INFO - Processing file /opt/airflow/dags/dag_fligoo_etl.py for tasks to queue
[2023-10-06 10:55:54,159] {logging_mixin.py:109} INFO - [2023-10-06 10:55:54,159] {dagbag.py:500} INFO - Filling up the DagBag from /opt/airflow/dags/dag_fligoo_etl.py
[2023-10-06 10:55:55,583] {processor.py:654} INFO - DAG(s) dict_keys(['dag_fligoo_etl']) retrieved from /opt/airflow/dags/dag_fligoo_etl.py
[2023-10-06 10:55:55,604] {logging_mixin.py:109} INFO - [2023-10-06 10:55:55,603] {dag.py:2396} INFO - Sync 1 DAGs
[2023-10-06 10:55:55,637] {logging_mixin.py:109} INFO - [2023-10-06 10:55:55,637] {dag.py:2935} INFO - Setting next_dagrun for dag_fligoo_etl to None
[2023-10-06 10:55:55,655] {processor.py:171} INFO - Processing /opt/airflow/dags/dag_fligoo_etl.py took 1.504 seconds
[2023-10-06 10:56:56,071] {processor.py:163} INFO - Started process (PID=2941) to work on /opt/airflow/dags/dag_fligoo_etl.py
[2023-10-06 10:56:56,074] {processor.py:642} INFO - Processing file /opt/airflow/dags/dag_fligoo_etl.py for tasks to queue
[2023-10-06 10:56:56,075] {logging_mixin.py:109} INFO - [2023-10-06 10:56:56,075] {dagbag.py:500} INFO - Filling up the DagBag from /opt/airflow/dags/dag_fligoo_etl.py
[2023-10-06 10:56:57,671] {processor.py:654} INFO - DAG(s) dict_keys(['dag_fligoo_etl']) retrieved from /opt/airflow/dags/dag_fligoo_etl.py
[2023-10-06 10:56:57,693] {logging_mixin.py:109} INFO - [2023-10-06 10:56:57,692] {dag.py:2396} INFO - Sync 1 DAGs
[2023-10-06 10:56:57,729] {logging_mixin.py:109} INFO - [2023-10-06 10:56:57,728] {dag.py:2935} INFO - Setting next_dagrun for dag_fligoo_etl to None
[2023-10-06 10:56:57,744] {processor.py:171} INFO - Processing /opt/airflow/dags/dag_fligoo_etl.py took 1.678 seconds
[2023-10-06 10:57:58,184] {processor.py:163} INFO - Started process (PID=3009) to work on /opt/airflow/dags/dag_fligoo_etl.py
[2023-10-06 10:57:58,186] {processor.py:642} INFO - Processing file /opt/airflow/dags/dag_fligoo_etl.py for tasks to queue
[2023-10-06 10:57:58,187] {logging_mixin.py:109} INFO - [2023-10-06 10:57:58,187] {dagbag.py:500} INFO - Filling up the DagBag from /opt/airflow/dags/dag_fligoo_etl.py
[2023-10-06 10:57:59,674] {processor.py:654} INFO - DAG(s) dict_keys(['dag_fligoo_etl']) retrieved from /opt/airflow/dags/dag_fligoo_etl.py
[2023-10-06 10:57:59,696] {logging_mixin.py:109} INFO - [2023-10-06 10:57:59,695] {dag.py:2396} INFO - Sync 1 DAGs
[2023-10-06 10:57:59,731] {logging_mixin.py:109} INFO - [2023-10-06 10:57:59,730] {dag.py:2935} INFO - Setting next_dagrun for dag_fligoo_etl to None
[2023-10-06 10:57:59,745] {processor.py:171} INFO - Processing /opt/airflow/dags/dag_fligoo_etl.py took 1.567 seconds
[2023-10-06 10:59:00,423] {processor.py:163} INFO - Started process (PID=3093) to work on /opt/airflow/dags/dag_fligoo_etl.py
[2023-10-06 10:59:00,425] {processor.py:642} INFO - Processing file /opt/airflow/dags/dag_fligoo_etl.py for tasks to queue
[2023-10-06 10:59:00,426] {logging_mixin.py:109} INFO - [2023-10-06 10:59:00,426] {dagbag.py:500} INFO - Filling up the DagBag from /opt/airflow/dags/dag_fligoo_etl.py
[2023-10-06 10:59:02,465] {processor.py:654} INFO - DAG(s) dict_keys(['dag_fligoo_etl']) retrieved from /opt/airflow/dags/dag_fligoo_etl.py
[2023-10-06 10:59:02,497] {logging_mixin.py:109} INFO - [2023-10-06 10:59:02,496] {dag.py:2396} INFO - Sync 1 DAGs
[2023-10-06 10:59:02,546] {logging_mixin.py:109} INFO - [2023-10-06 10:59:02,546] {dag.py:2935} INFO - Setting next_dagrun for dag_fligoo_etl to None
[2023-10-06 10:59:02,565] {processor.py:171} INFO - Processing /opt/airflow/dags/dag_fligoo_etl.py took 2.147 seconds
[2023-10-06 11:00:00,712] {processor.py:163} INFO - Started process (PID=3161) to work on /opt/airflow/dags/dag_fligoo_etl.py
[2023-10-06 11:00:00,714] {processor.py:642} INFO - Processing file /opt/airflow/dags/dag_fligoo_etl.py for tasks to queue
[2023-10-06 11:00:00,715] {logging_mixin.py:109} INFO - [2023-10-06 11:00:00,715] {dagbag.py:500} INFO - Filling up the DagBag from /opt/airflow/dags/dag_fligoo_etl.py
[2023-10-06 11:00:00,722] {logging_mixin.py:109} INFO - [2023-10-06 11:00:00,720] {dagbag.py:334} ERROR - Failed to import: /opt/airflow/dags/dag_fligoo_etl.py
Traceback (most recent call last):
  File "/home/airflow/.local/lib/python3.7/site-packages/airflow/models/dagbag.py", line 331, in _load_modules_from_file
    loader.exec_module(new_module)
  File "<frozen importlib._bootstrap_external>", line 724, in exec_module
  File "<frozen importlib._bootstrap_external>", line 860, in get_code
  File "<frozen importlib._bootstrap_external>", line 791, in source_to_code
  File "<frozen importlib._bootstrap>", line 219, in _call_with_frames_removed
  File "/opt/airflow/dags/dag_fligoo_etl.py", line 81
    'limit': 100
           ^
SyntaxError: invalid syntax
[2023-10-06 11:00:00,741] {processor.py:690} INFO - Deactivated 1 DAGs which are no longer present in /opt/airflow/dags/dag_fligoo_etl.py
[2023-10-06 11:00:00,742] {processor.py:656} WARNING - No viable dags retrieved from /opt/airflow/dags/dag_fligoo_etl.py
[2023-10-06 11:00:00,757] {processor.py:171} INFO - Processing /opt/airflow/dags/dag_fligoo_etl.py took 0.050 seconds
[2023-10-06 11:00:35,945] {processor.py:163} INFO - Started process (PID=3205) to work on /opt/airflow/dags/dag_fligoo_etl.py
[2023-10-06 11:00:35,949] {processor.py:642} INFO - Processing file /opt/airflow/dags/dag_fligoo_etl.py for tasks to queue
[2023-10-06 11:00:35,952] {logging_mixin.py:109} INFO - [2023-10-06 11:00:35,951] {dagbag.py:500} INFO - Filling up the DagBag from /opt/airflow/dags/dag_fligoo_etl.py
[2023-10-06 11:00:35,963] {logging_mixin.py:109} INFO - [2023-10-06 11:00:35,960] {dagbag.py:334} ERROR - Failed to import: /opt/airflow/dags/dag_fligoo_etl.py
Traceback (most recent call last):
  File "/home/airflow/.local/lib/python3.7/site-packages/airflow/models/dagbag.py", line 331, in _load_modules_from_file
    loader.exec_module(new_module)
  File "<frozen importlib._bootstrap_external>", line 724, in exec_module
  File "<frozen importlib._bootstrap_external>", line 860, in get_code
  File "<frozen importlib._bootstrap_external>", line 791, in source_to_code
  File "<frozen importlib._bootstrap>", line 219, in _call_with_frames_removed
  File "/opt/airflow/dags/dag_fligoo_etl.py", line 81
    'limit': 100
           ^
SyntaxError: invalid syntax
[2023-10-06 11:00:35,992] {processor.py:656} WARNING - No viable dags retrieved from /opt/airflow/dags/dag_fligoo_etl.py
[2023-10-06 11:00:36,008] {processor.py:171} INFO - Processing /opt/airflow/dags/dag_fligoo_etl.py took 0.070 seconds
[2023-10-06 11:00:55,198] {processor.py:163} INFO - Started process (PID=3223) to work on /opt/airflow/dags/dag_fligoo_etl.py
[2023-10-06 11:00:55,200] {processor.py:642} INFO - Processing file /opt/airflow/dags/dag_fligoo_etl.py for tasks to queue
[2023-10-06 11:00:55,201] {logging_mixin.py:109} INFO - [2023-10-06 11:00:55,201] {dagbag.py:500} INFO - Filling up the DagBag from /opt/airflow/dags/dag_fligoo_etl.py
[2023-10-06 11:00:56,573] {processor.py:654} INFO - DAG(s) dict_keys(['dag_fligoo_etl']) retrieved from /opt/airflow/dags/dag_fligoo_etl.py
[2023-10-06 11:00:56,596] {logging_mixin.py:109} INFO - [2023-10-06 11:00:56,595] {dag.py:2396} INFO - Sync 1 DAGs
[2023-10-06 11:00:56,632] {logging_mixin.py:109} INFO - [2023-10-06 11:00:56,632] {dag.py:2935} INFO - Setting next_dagrun for dag_fligoo_etl to None
[2023-10-06 11:00:56,651] {processor.py:171} INFO - Processing /opt/airflow/dags/dag_fligoo_etl.py took 1.459 seconds
[2023-10-06 11:01:57,178] {processor.py:163} INFO - Started process (PID=3298) to work on /opt/airflow/dags/dag_fligoo_etl.py
[2023-10-06 11:01:57,181] {processor.py:642} INFO - Processing file /opt/airflow/dags/dag_fligoo_etl.py for tasks to queue
[2023-10-06 11:01:57,182] {logging_mixin.py:109} INFO - [2023-10-06 11:01:57,182] {dagbag.py:500} INFO - Filling up the DagBag from /opt/airflow/dags/dag_fligoo_etl.py
[2023-10-06 11:01:58,667] {processor.py:654} INFO - DAG(s) dict_keys(['dag_fligoo_etl']) retrieved from /opt/airflow/dags/dag_fligoo_etl.py
[2023-10-06 11:01:58,690] {logging_mixin.py:109} INFO - [2023-10-06 11:01:58,689] {dag.py:2396} INFO - Sync 1 DAGs
[2023-10-06 11:01:58,726] {logging_mixin.py:109} INFO - [2023-10-06 11:01:58,725] {dag.py:2935} INFO - Setting next_dagrun for dag_fligoo_etl to None
[2023-10-06 11:01:58,760] {processor.py:171} INFO - Processing /opt/airflow/dags/dag_fligoo_etl.py took 1.587 seconds
[2023-10-06 11:02:03,819] {processor.py:163} INFO - Started process (PID=3317) to work on /opt/airflow/dags/dag_fligoo_etl.py
[2023-10-06 11:02:03,821] {processor.py:642} INFO - Processing file /opt/airflow/dags/dag_fligoo_etl.py for tasks to queue
[2023-10-06 11:02:03,823] {logging_mixin.py:109} INFO - [2023-10-06 11:02:03,823] {dagbag.py:500} INFO - Filling up the DagBag from /opt/airflow/dags/dag_fligoo_etl.py
[2023-10-06 11:02:05,382] {processor.py:654} INFO - DAG(s) dict_keys(['dag_fligoo_etl']) retrieved from /opt/airflow/dags/dag_fligoo_etl.py
[2023-10-06 11:02:05,403] {logging_mixin.py:109} INFO - [2023-10-06 11:02:05,402] {dag.py:2396} INFO - Sync 1 DAGs
[2023-10-06 11:02:05,441] {logging_mixin.py:109} INFO - [2023-10-06 11:02:05,441] {dag.py:2935} INFO - Setting next_dagrun for dag_fligoo_etl to None
[2023-10-06 11:02:05,461] {processor.py:171} INFO - Processing /opt/airflow/dags/dag_fligoo_etl.py took 1.648 seconds
[2023-10-06 11:03:05,537] {processor.py:163} INFO - Started process (PID=3385) to work on /opt/airflow/dags/dag_fligoo_etl.py
[2023-10-06 11:03:05,539] {processor.py:642} INFO - Processing file /opt/airflow/dags/dag_fligoo_etl.py for tasks to queue
[2023-10-06 11:03:05,541] {logging_mixin.py:109} INFO - [2023-10-06 11:03:05,541] {dagbag.py:500} INFO - Filling up the DagBag from /opt/airflow/dags/dag_fligoo_etl.py
[2023-10-06 11:03:06,862] {processor.py:654} INFO - DAG(s) dict_keys(['dag_fligoo_etl']) retrieved from /opt/airflow/dags/dag_fligoo_etl.py
[2023-10-06 11:03:06,882] {logging_mixin.py:109} INFO - [2023-10-06 11:03:06,881] {dag.py:2396} INFO - Sync 1 DAGs
[2023-10-06 11:03:06,914] {logging_mixin.py:109} INFO - [2023-10-06 11:03:06,914] {dag.py:2935} INFO - Setting next_dagrun for dag_fligoo_etl to None
[2023-10-06 11:03:06,928] {processor.py:171} INFO - Processing /opt/airflow/dags/dag_fligoo_etl.py took 1.398 seconds
[2023-10-06 11:04:07,092] {processor.py:163} INFO - Started process (PID=3469) to work on /opt/airflow/dags/dag_fligoo_etl.py
[2023-10-06 11:04:07,094] {processor.py:642} INFO - Processing file /opt/airflow/dags/dag_fligoo_etl.py for tasks to queue
[2023-10-06 11:04:07,096] {logging_mixin.py:109} INFO - [2023-10-06 11:04:07,095] {dagbag.py:500} INFO - Filling up the DagBag from /opt/airflow/dags/dag_fligoo_etl.py
[2023-10-06 11:04:08,522] {processor.py:654} INFO - DAG(s) dict_keys(['dag_fligoo_etl']) retrieved from /opt/airflow/dags/dag_fligoo_etl.py
[2023-10-06 11:04:08,544] {logging_mixin.py:109} INFO - [2023-10-06 11:04:08,543] {dag.py:2396} INFO - Sync 1 DAGs
[2023-10-06 11:04:08,577] {logging_mixin.py:109} INFO - [2023-10-06 11:04:08,576] {dag.py:2935} INFO - Setting next_dagrun for dag_fligoo_etl to None
[2023-10-06 11:04:08,591] {processor.py:171} INFO - Processing /opt/airflow/dags/dag_fligoo_etl.py took 1.503 seconds
[2023-10-06 11:05:09,036] {processor.py:163} INFO - Started process (PID=3537) to work on /opt/airflow/dags/dag_fligoo_etl.py
[2023-10-06 11:05:09,040] {processor.py:642} INFO - Processing file /opt/airflow/dags/dag_fligoo_etl.py for tasks to queue
[2023-10-06 11:05:09,043] {logging_mixin.py:109} INFO - [2023-10-06 11:05:09,042] {dagbag.py:500} INFO - Filling up the DagBag from /opt/airflow/dags/dag_fligoo_etl.py
[2023-10-06 11:05:10,440] {processor.py:654} INFO - DAG(s) dict_keys(['dag_fligoo_etl']) retrieved from /opt/airflow/dags/dag_fligoo_etl.py
[2023-10-06 11:05:10,465] {logging_mixin.py:109} INFO - [2023-10-06 11:05:10,464] {dag.py:2396} INFO - Sync 1 DAGs
[2023-10-06 11:05:10,501] {logging_mixin.py:109} INFO - [2023-10-06 11:05:10,501] {dag.py:2935} INFO - Setting next_dagrun for dag_fligoo_etl to None
[2023-10-06 11:05:10,516] {processor.py:171} INFO - Processing /opt/airflow/dags/dag_fligoo_etl.py took 1.491 seconds
[2023-10-06 11:05:42,584] {processor.py:163} INFO - Started process (PID=3579) to work on /opt/airflow/dags/dag_fligoo_etl.py
[2023-10-06 11:05:42,589] {processor.py:642} INFO - Processing file /opt/airflow/dags/dag_fligoo_etl.py for tasks to queue
[2023-10-06 11:05:42,591] {logging_mixin.py:109} INFO - [2023-10-06 11:05:42,590] {dagbag.py:500} INFO - Filling up the DagBag from /opt/airflow/dags/dag_fligoo_etl.py
[2023-10-06 11:05:44,650] {processor.py:690} INFO - Deactivated 1 DAGs which are no longer present in /opt/airflow/dags/dag_fligoo_etl.py
[2023-10-06 11:05:44,652] {processor.py:654} INFO - DAG(s) dict_keys(['flight_data_etl_v0']) retrieved from /opt/airflow/dags/dag_fligoo_etl.py
[2023-10-06 11:05:49,441] {logging_mixin.py:109} INFO - [2023-10-06 11:05:49,441] {manager.py:496} INFO - Created Permission View: can read on DAG:flight_data_etl_v0
[2023-10-06 11:05:49,460] {logging_mixin.py:109} INFO - [2023-10-06 11:05:49,460] {manager.py:496} INFO - Created Permission View: can edit on DAG:flight_data_etl_v0
[2023-10-06 11:05:49,462] {logging_mixin.py:109} INFO - [2023-10-06 11:05:49,461] {dag.py:2396} INFO - Sync 1 DAGs
[2023-10-06 11:05:49,478] {logging_mixin.py:109} INFO - [2023-10-06 11:05:49,478] {dag.py:2415} INFO - Creating ORM DAG for flight_data_etl_v0
[2023-10-06 11:05:49,497] {logging_mixin.py:109} INFO - [2023-10-06 11:05:49,497] {dag.py:2935} INFO - Setting next_dagrun for flight_data_etl_v0 to 2023-10-06T10:55:49.496676+00:00
[2023-10-06 11:05:49,516] {processor.py:171} INFO - Processing /opt/airflow/dags/dag_fligoo_etl.py took 6.939 seconds
[2023-10-06 11:06:50,411] {processor.py:163} INFO - Started process (PID=3663) to work on /opt/airflow/dags/dag_fligoo_etl.py
[2023-10-06 11:06:50,415] {processor.py:642} INFO - Processing file /opt/airflow/dags/dag_fligoo_etl.py for tasks to queue
[2023-10-06 11:06:50,416] {logging_mixin.py:109} INFO - [2023-10-06 11:06:50,416] {dagbag.py:500} INFO - Filling up the DagBag from /opt/airflow/dags/dag_fligoo_etl.py
[2023-10-06 11:06:52,038] {processor.py:654} INFO - DAG(s) dict_keys(['flight_data_etl_v0']) retrieved from /opt/airflow/dags/dag_fligoo_etl.py
[2023-10-06 11:06:52,070] {logging_mixin.py:109} INFO - [2023-10-06 11:06:52,069] {dag.py:2396} INFO - Sync 1 DAGs
[2023-10-06 11:06:52,124] {logging_mixin.py:109} INFO - [2023-10-06 11:06:52,123] {dag.py:2935} INFO - Setting next_dagrun for flight_data_etl_v0 to 2023-10-06T10:56:52.122835+00:00
[2023-10-06 11:06:52,143] {processor.py:171} INFO - Processing /opt/airflow/dags/dag_fligoo_etl.py took 1.741 seconds
[2023-10-06 11:07:27,534] {processor.py:163} INFO - Started process (PID=3709) to work on /opt/airflow/dags/dag_fligoo_etl.py
[2023-10-06 11:07:27,536] {processor.py:642} INFO - Processing file /opt/airflow/dags/dag_fligoo_etl.py for tasks to queue
[2023-10-06 11:07:27,537] {logging_mixin.py:109} INFO - [2023-10-06 11:07:27,537] {dagbag.py:500} INFO - Filling up the DagBag from /opt/airflow/dags/dag_fligoo_etl.py
[2023-10-06 11:07:29,130] {processor.py:690} INFO - Deactivated 1 DAGs which are no longer present in /opt/airflow/dags/dag_fligoo_etl.py
[2023-10-06 11:07:29,131] {processor.py:654} INFO - DAG(s) dict_keys(['dag_fligoo_etl_v2']) retrieved from /opt/airflow/dags/dag_fligoo_etl.py
[2023-10-06 11:07:33,870] {logging_mixin.py:109} INFO - [2023-10-06 11:07:33,869] {manager.py:496} INFO - Created Permission View: can read on DAG:dag_fligoo_etl_v2
[2023-10-06 11:07:33,885] {logging_mixin.py:109} INFO - [2023-10-06 11:07:33,885] {manager.py:496} INFO - Created Permission View: can edit on DAG:dag_fligoo_etl_v2
[2023-10-06 11:07:33,887] {logging_mixin.py:109} INFO - [2023-10-06 11:07:33,886] {dag.py:2396} INFO - Sync 1 DAGs
[2023-10-06 11:07:33,904] {logging_mixin.py:109} INFO - [2023-10-06 11:07:33,904] {dag.py:2415} INFO - Creating ORM DAG for dag_fligoo_etl_v2
[2023-10-06 11:07:33,924] {logging_mixin.py:109} INFO - [2023-10-06 11:07:33,924] {dag.py:2935} INFO - Setting next_dagrun for dag_fligoo_etl_v2 to None
[2023-10-06 11:07:33,946] {processor.py:171} INFO - Processing /opt/airflow/dags/dag_fligoo_etl.py took 6.416 seconds
[2023-10-06 11:08:34,236] {processor.py:163} INFO - Started process (PID=3783) to work on /opt/airflow/dags/dag_fligoo_etl.py
[2023-10-06 11:08:34,238] {processor.py:642} INFO - Processing file /opt/airflow/dags/dag_fligoo_etl.py for tasks to queue
[2023-10-06 11:08:34,240] {logging_mixin.py:109} INFO - [2023-10-06 11:08:34,239] {dagbag.py:500} INFO - Filling up the DagBag from /opt/airflow/dags/dag_fligoo_etl.py
[2023-10-06 11:08:35,640] {processor.py:654} INFO - DAG(s) dict_keys(['dag_fligoo_etl_v2']) retrieved from /opt/airflow/dags/dag_fligoo_etl.py
[2023-10-06 11:08:35,662] {logging_mixin.py:109} INFO - [2023-10-06 11:08:35,661] {dag.py:2396} INFO - Sync 1 DAGs
[2023-10-06 11:08:35,699] {logging_mixin.py:109} INFO - [2023-10-06 11:08:35,699] {dag.py:2935} INFO - Setting next_dagrun for dag_fligoo_etl_v2 to None
[2023-10-06 11:08:35,716] {processor.py:171} INFO - Processing /opt/airflow/dags/dag_fligoo_etl.py took 1.485 seconds
[2023-10-06 11:09:36,296] {processor.py:163} INFO - Started process (PID=3861) to work on /opt/airflow/dags/dag_fligoo_etl.py
[2023-10-06 11:09:36,298] {processor.py:642} INFO - Processing file /opt/airflow/dags/dag_fligoo_etl.py for tasks to queue
[2023-10-06 11:09:36,299] {logging_mixin.py:109} INFO - [2023-10-06 11:09:36,299] {dagbag.py:500} INFO - Filling up the DagBag from /opt/airflow/dags/dag_fligoo_etl.py
[2023-10-06 11:09:37,738] {processor.py:654} INFO - DAG(s) dict_keys(['dag_fligoo_etl_v2']) retrieved from /opt/airflow/dags/dag_fligoo_etl.py
[2023-10-06 11:09:37,761] {logging_mixin.py:109} INFO - [2023-10-06 11:09:37,760] {dag.py:2396} INFO - Sync 1 DAGs
[2023-10-06 11:09:37,796] {logging_mixin.py:109} INFO - [2023-10-06 11:09:37,796] {dag.py:2935} INFO - Setting next_dagrun for dag_fligoo_etl_v2 to None
[2023-10-06 11:09:37,812] {processor.py:171} INFO - Processing /opt/airflow/dags/dag_fligoo_etl.py took 1.520 seconds
[2023-10-06 11:10:38,361] {processor.py:163} INFO - Started process (PID=3935) to work on /opt/airflow/dags/dag_fligoo_etl.py
[2023-10-06 11:10:38,363] {processor.py:642} INFO - Processing file /opt/airflow/dags/dag_fligoo_etl.py for tasks to queue
[2023-10-06 11:10:38,364] {logging_mixin.py:109} INFO - [2023-10-06 11:10:38,364] {dagbag.py:500} INFO - Filling up the DagBag from /opt/airflow/dags/dag_fligoo_etl.py
[2023-10-06 11:10:39,679] {processor.py:654} INFO - DAG(s) dict_keys(['dag_fligoo_etl_v2']) retrieved from /opt/airflow/dags/dag_fligoo_etl.py
[2023-10-06 11:10:39,699] {logging_mixin.py:109} INFO - [2023-10-06 11:10:39,698] {dag.py:2396} INFO - Sync 1 DAGs
[2023-10-06 11:10:39,732] {logging_mixin.py:109} INFO - [2023-10-06 11:10:39,732] {dag.py:2935} INFO - Setting next_dagrun for dag_fligoo_etl_v2 to None
[2023-10-06 11:10:39,746] {processor.py:171} INFO - Processing /opt/airflow/dags/dag_fligoo_etl.py took 1.390 seconds
[2023-10-06 11:11:40,050] {processor.py:163} INFO - Started process (PID=4003) to work on /opt/airflow/dags/dag_fligoo_etl.py
[2023-10-06 11:11:40,055] {processor.py:642} INFO - Processing file /opt/airflow/dags/dag_fligoo_etl.py for tasks to queue
[2023-10-06 11:11:40,057] {logging_mixin.py:109} INFO - [2023-10-06 11:11:40,057] {dagbag.py:500} INFO - Filling up the DagBag from /opt/airflow/dags/dag_fligoo_etl.py
[2023-10-06 11:11:41,414] {processor.py:654} INFO - DAG(s) dict_keys(['dag_fligoo_etl_v2']) retrieved from /opt/airflow/dags/dag_fligoo_etl.py
[2023-10-06 11:11:41,435] {logging_mixin.py:109} INFO - [2023-10-06 11:11:41,434] {dag.py:2396} INFO - Sync 1 DAGs
[2023-10-06 11:11:41,467] {logging_mixin.py:109} INFO - [2023-10-06 11:11:41,467] {dag.py:2935} INFO - Setting next_dagrun for dag_fligoo_etl_v2 to None
[2023-10-06 11:11:41,481] {processor.py:171} INFO - Processing /opt/airflow/dags/dag_fligoo_etl.py took 1.441 seconds
[2023-10-06 11:12:42,098] {processor.py:163} INFO - Started process (PID=4087) to work on /opt/airflow/dags/dag_fligoo_etl.py
[2023-10-06 11:12:42,100] {processor.py:642} INFO - Processing file /opt/airflow/dags/dag_fligoo_etl.py for tasks to queue
[2023-10-06 11:12:42,102] {logging_mixin.py:109} INFO - [2023-10-06 11:12:42,101] {dagbag.py:500} INFO - Filling up the DagBag from /opt/airflow/dags/dag_fligoo_etl.py
[2023-10-06 11:12:43,570] {processor.py:654} INFO - DAG(s) dict_keys(['dag_fligoo_etl_v2']) retrieved from /opt/airflow/dags/dag_fligoo_etl.py
[2023-10-06 11:12:43,593] {logging_mixin.py:109} INFO - [2023-10-06 11:12:43,592] {dag.py:2396} INFO - Sync 1 DAGs
[2023-10-06 11:12:43,629] {logging_mixin.py:109} INFO - [2023-10-06 11:12:43,629] {dag.py:2935} INFO - Setting next_dagrun for dag_fligoo_etl_v2 to None
[2023-10-06 11:12:43,645] {processor.py:171} INFO - Processing /opt/airflow/dags/dag_fligoo_etl.py took 1.552 seconds
[2023-10-06 11:13:44,617] {processor.py:163} INFO - Started process (PID=4155) to work on /opt/airflow/dags/dag_fligoo_etl.py
[2023-10-06 11:13:44,619] {processor.py:642} INFO - Processing file /opt/airflow/dags/dag_fligoo_etl.py for tasks to queue
[2023-10-06 11:13:44,620] {logging_mixin.py:109} INFO - [2023-10-06 11:13:44,620] {dagbag.py:500} INFO - Filling up the DagBag from /opt/airflow/dags/dag_fligoo_etl.py
[2023-10-06 11:13:46,049] {processor.py:654} INFO - DAG(s) dict_keys(['dag_fligoo_etl_v2']) retrieved from /opt/airflow/dags/dag_fligoo_etl.py
[2023-10-06 11:13:46,070] {logging_mixin.py:109} INFO - [2023-10-06 11:13:46,069] {dag.py:2396} INFO - Sync 1 DAGs
[2023-10-06 11:13:46,103] {logging_mixin.py:109} INFO - [2023-10-06 11:13:46,103] {dag.py:2935} INFO - Setting next_dagrun for dag_fligoo_etl_v2 to None
[2023-10-06 11:13:46,119] {processor.py:171} INFO - Processing /opt/airflow/dags/dag_fligoo_etl.py took 1.506 seconds
[2023-10-06 11:14:46,187] {processor.py:163} INFO - Started process (PID=4233) to work on /opt/airflow/dags/dag_fligoo_etl.py
[2023-10-06 11:14:46,189] {processor.py:642} INFO - Processing file /opt/airflow/dags/dag_fligoo_etl.py for tasks to queue
[2023-10-06 11:14:46,190] {logging_mixin.py:109} INFO - [2023-10-06 11:14:46,190] {dagbag.py:500} INFO - Filling up the DagBag from /opt/airflow/dags/dag_fligoo_etl.py
[2023-10-06 11:14:47,752] {processor.py:654} INFO - DAG(s) dict_keys(['dag_fligoo_etl_v2']) retrieved from /opt/airflow/dags/dag_fligoo_etl.py
[2023-10-06 11:14:47,775] {logging_mixin.py:109} INFO - [2023-10-06 11:14:47,774] {dag.py:2396} INFO - Sync 1 DAGs
[2023-10-06 11:14:47,811] {logging_mixin.py:109} INFO - [2023-10-06 11:14:47,811] {dag.py:2935} INFO - Setting next_dagrun for dag_fligoo_etl_v2 to None
[2023-10-06 11:14:47,826] {processor.py:171} INFO - Processing /opt/airflow/dags/dag_fligoo_etl.py took 1.644 seconds
[2023-10-06 11:15:48,783] {processor.py:163} INFO - Started process (PID=4307) to work on /opt/airflow/dags/dag_fligoo_etl.py
[2023-10-06 11:15:48,785] {processor.py:642} INFO - Processing file /opt/airflow/dags/dag_fligoo_etl.py for tasks to queue
[2023-10-06 11:15:48,786] {logging_mixin.py:109} INFO - [2023-10-06 11:15:48,786] {dagbag.py:500} INFO - Filling up the DagBag from /opt/airflow/dags/dag_fligoo_etl.py
[2023-10-06 11:15:50,050] {processor.py:654} INFO - DAG(s) dict_keys(['dag_fligoo_etl_v2']) retrieved from /opt/airflow/dags/dag_fligoo_etl.py
[2023-10-06 11:15:50,070] {logging_mixin.py:109} INFO - [2023-10-06 11:15:50,069] {dag.py:2396} INFO - Sync 1 DAGs
[2023-10-06 11:15:50,102] {logging_mixin.py:109} INFO - [2023-10-06 11:15:50,102] {dag.py:2935} INFO - Setting next_dagrun for dag_fligoo_etl_v2 to None
[2023-10-06 11:15:50,116] {processor.py:171} INFO - Processing /opt/airflow/dags/dag_fligoo_etl.py took 1.337 seconds
[2023-10-06 11:16:50,758] {processor.py:163} INFO - Started process (PID=4375) to work on /opt/airflow/dags/dag_fligoo_etl.py
[2023-10-06 11:16:50,761] {processor.py:642} INFO - Processing file /opt/airflow/dags/dag_fligoo_etl.py for tasks to queue
[2023-10-06 11:16:50,762] {logging_mixin.py:109} INFO - [2023-10-06 11:16:50,762] {dagbag.py:500} INFO - Filling up the DagBag from /opt/airflow/dags/dag_fligoo_etl.py
[2023-10-06 11:16:52,203] {processor.py:654} INFO - DAG(s) dict_keys(['dag_fligoo_etl_v2']) retrieved from /opt/airflow/dags/dag_fligoo_etl.py
[2023-10-06 11:16:52,231] {logging_mixin.py:109} INFO - [2023-10-06 11:16:52,230] {dag.py:2396} INFO - Sync 1 DAGs
[2023-10-06 11:16:52,269] {logging_mixin.py:109} INFO - [2023-10-06 11:16:52,269] {dag.py:2935} INFO - Setting next_dagrun for dag_fligoo_etl_v2 to None
[2023-10-06 11:16:52,284] {processor.py:171} INFO - Processing /opt/airflow/dags/dag_fligoo_etl.py took 1.531 seconds
[2023-10-06 11:17:52,768] {processor.py:163} INFO - Started process (PID=4459) to work on /opt/airflow/dags/dag_fligoo_etl.py
[2023-10-06 11:17:52,771] {processor.py:642} INFO - Processing file /opt/airflow/dags/dag_fligoo_etl.py for tasks to queue
[2023-10-06 11:17:52,772] {logging_mixin.py:109} INFO - [2023-10-06 11:17:52,772] {dagbag.py:500} INFO - Filling up the DagBag from /opt/airflow/dags/dag_fligoo_etl.py
[2023-10-06 11:17:54,452] {processor.py:654} INFO - DAG(s) dict_keys(['dag_fligoo_etl_v2']) retrieved from /opt/airflow/dags/dag_fligoo_etl.py
[2023-10-06 11:17:54,475] {logging_mixin.py:109} INFO - [2023-10-06 11:17:54,474] {dag.py:2396} INFO - Sync 1 DAGs
[2023-10-06 11:17:54,510] {logging_mixin.py:109} INFO - [2023-10-06 11:17:54,510] {dag.py:2935} INFO - Setting next_dagrun for dag_fligoo_etl_v2 to None
[2023-10-06 11:17:54,524] {processor.py:171} INFO - Processing /opt/airflow/dags/dag_fligoo_etl.py took 1.763 seconds
[2023-10-06 11:18:54,997] {processor.py:163} INFO - Started process (PID=4527) to work on /opt/airflow/dags/dag_fligoo_etl.py
[2023-10-06 11:18:54,999] {processor.py:642} INFO - Processing file /opt/airflow/dags/dag_fligoo_etl.py for tasks to queue
[2023-10-06 11:18:55,000] {logging_mixin.py:109} INFO - [2023-10-06 11:18:55,000] {dagbag.py:500} INFO - Filling up the DagBag from /opt/airflow/dags/dag_fligoo_etl.py
[2023-10-06 11:18:56,504] {processor.py:654} INFO - DAG(s) dict_keys(['dag_fligoo_etl_v2']) retrieved from /opt/airflow/dags/dag_fligoo_etl.py
[2023-10-06 11:18:56,531] {logging_mixin.py:109} INFO - [2023-10-06 11:18:56,530] {dag.py:2396} INFO - Sync 1 DAGs
[2023-10-06 11:18:56,566] {logging_mixin.py:109} INFO - [2023-10-06 11:18:56,565] {dag.py:2935} INFO - Setting next_dagrun for dag_fligoo_etl_v2 to None
[2023-10-06 11:18:56,580] {processor.py:171} INFO - Processing /opt/airflow/dags/dag_fligoo_etl.py took 1.588 seconds
[2023-10-06 11:19:56,886] {processor.py:163} INFO - Started process (PID=4595) to work on /opt/airflow/dags/dag_fligoo_etl.py
[2023-10-06 11:19:56,888] {processor.py:642} INFO - Processing file /opt/airflow/dags/dag_fligoo_etl.py for tasks to queue
[2023-10-06 11:19:56,889] {logging_mixin.py:109} INFO - [2023-10-06 11:19:56,889] {dagbag.py:500} INFO - Filling up the DagBag from /opt/airflow/dags/dag_fligoo_etl.py
[2023-10-06 11:19:58,367] {processor.py:654} INFO - DAG(s) dict_keys(['dag_fligoo_etl_v2']) retrieved from /opt/airflow/dags/dag_fligoo_etl.py
[2023-10-06 11:19:58,390] {logging_mixin.py:109} INFO - [2023-10-06 11:19:58,388] {dag.py:2396} INFO - Sync 1 DAGs
[2023-10-06 11:19:58,425] {logging_mixin.py:109} INFO - [2023-10-06 11:19:58,425] {dag.py:2935} INFO - Setting next_dagrun for dag_fligoo_etl_v2 to None
[2023-10-06 11:19:58,440] {processor.py:171} INFO - Processing /opt/airflow/dags/dag_fligoo_etl.py took 1.559 seconds
[2023-10-06 11:20:58,577] {processor.py:163} INFO - Started process (PID=4679) to work on /opt/airflow/dags/dag_fligoo_etl.py
[2023-10-06 11:20:58,580] {processor.py:642} INFO - Processing file /opt/airflow/dags/dag_fligoo_etl.py for tasks to queue
[2023-10-06 11:20:58,581] {logging_mixin.py:109} INFO - [2023-10-06 11:20:58,581] {dagbag.py:500} INFO - Filling up the DagBag from /opt/airflow/dags/dag_fligoo_etl.py
[2023-10-06 11:21:00,000] {processor.py:654} INFO - DAG(s) dict_keys(['dag_fligoo_etl_v2']) retrieved from /opt/airflow/dags/dag_fligoo_etl.py
[2023-10-06 11:21:00,024] {logging_mixin.py:109} INFO - [2023-10-06 11:21:00,022] {dag.py:2396} INFO - Sync 1 DAGs
[2023-10-06 11:21:00,062] {logging_mixin.py:109} INFO - [2023-10-06 11:21:00,061] {dag.py:2935} INFO - Setting next_dagrun for dag_fligoo_etl_v2 to None
[2023-10-06 11:21:00,079] {processor.py:171} INFO - Processing /opt/airflow/dags/dag_fligoo_etl.py took 1.506 seconds
[2023-10-06 11:22:00,822] {processor.py:163} INFO - Started process (PID=4747) to work on /opt/airflow/dags/dag_fligoo_etl.py
[2023-10-06 11:22:00,825] {processor.py:642} INFO - Processing file /opt/airflow/dags/dag_fligoo_etl.py for tasks to queue
[2023-10-06 11:22:00,826] {logging_mixin.py:109} INFO - [2023-10-06 11:22:00,826] {dagbag.py:500} INFO - Filling up the DagBag from /opt/airflow/dags/dag_fligoo_etl.py
[2023-10-06 11:22:02,269] {processor.py:654} INFO - DAG(s) dict_keys(['dag_fligoo_etl_v2']) retrieved from /opt/airflow/dags/dag_fligoo_etl.py
[2023-10-06 11:22:02,292] {logging_mixin.py:109} INFO - [2023-10-06 11:22:02,291] {dag.py:2396} INFO - Sync 1 DAGs
[2023-10-06 11:22:02,332] {logging_mixin.py:109} INFO - [2023-10-06 11:22:02,331] {dag.py:2935} INFO - Setting next_dagrun for dag_fligoo_etl_v2 to None
[2023-10-06 11:22:02,351] {processor.py:171} INFO - Processing /opt/airflow/dags/dag_fligoo_etl.py took 1.535 seconds
[2023-10-06 11:23:54,245] {processor.py:163} INFO - Started process (PID=4815) to work on /opt/airflow/dags/dag_fligoo_etl.py
[2023-10-06 11:23:54,248] {processor.py:642} INFO - Processing file /opt/airflow/dags/dag_fligoo_etl.py for tasks to queue
[2023-10-06 11:23:54,250] {logging_mixin.py:109} INFO - [2023-10-06 11:23:54,249] {dagbag.py:500} INFO - Filling up the DagBag from /opt/airflow/dags/dag_fligoo_etl.py
[2023-10-06 11:23:55,764] {processor.py:654} INFO - DAG(s) dict_keys(['dag_fligoo_etl_v2']) retrieved from /opt/airflow/dags/dag_fligoo_etl.py
[2023-10-06 11:23:55,787] {logging_mixin.py:109} INFO - [2023-10-06 11:23:55,786] {dag.py:2396} INFO - Sync 1 DAGs
[2023-10-06 11:23:55,824] {logging_mixin.py:109} INFO - [2023-10-06 11:23:55,823] {dag.py:2935} INFO - Setting next_dagrun for dag_fligoo_etl_v2 to None
[2023-10-06 11:23:55,847] {processor.py:171} INFO - Processing /opt/airflow/dags/dag_fligoo_etl.py took 1.607 seconds
[2023-10-06 11:24:56,508] {processor.py:163} INFO - Started process (PID=4899) to work on /opt/airflow/dags/dag_fligoo_etl.py
[2023-10-06 11:24:56,510] {processor.py:642} INFO - Processing file /opt/airflow/dags/dag_fligoo_etl.py for tasks to queue
[2023-10-06 11:24:56,511] {logging_mixin.py:109} INFO - [2023-10-06 11:24:56,511] {dagbag.py:500} INFO - Filling up the DagBag from /opt/airflow/dags/dag_fligoo_etl.py
[2023-10-06 11:24:58,019] {processor.py:654} INFO - DAG(s) dict_keys(['dag_fligoo_etl_v2']) retrieved from /opt/airflow/dags/dag_fligoo_etl.py
[2023-10-06 11:24:58,042] {logging_mixin.py:109} INFO - [2023-10-06 11:24:58,041] {dag.py:2396} INFO - Sync 1 DAGs
[2023-10-06 11:24:58,080] {logging_mixin.py:109} INFO - [2023-10-06 11:24:58,080] {dag.py:2935} INFO - Setting next_dagrun for dag_fligoo_etl_v2 to None
[2023-10-06 11:24:58,236] {processor.py:171} INFO - Processing /opt/airflow/dags/dag_fligoo_etl.py took 1.733 seconds
[2023-10-06 11:25:58,878] {processor.py:163} INFO - Started process (PID=4967) to work on /opt/airflow/dags/dag_fligoo_etl.py
[2023-10-06 11:25:58,881] {processor.py:642} INFO - Processing file /opt/airflow/dags/dag_fligoo_etl.py for tasks to queue
[2023-10-06 11:25:58,883] {logging_mixin.py:109} INFO - [2023-10-06 11:25:58,883] {dagbag.py:500} INFO - Filling up the DagBag from /opt/airflow/dags/dag_fligoo_etl.py
[2023-10-06 11:26:00,337] {processor.py:654} INFO - DAG(s) dict_keys(['dag_fligoo_etl_v2']) retrieved from /opt/airflow/dags/dag_fligoo_etl.py
[2023-10-06 11:26:00,362] {logging_mixin.py:109} INFO - [2023-10-06 11:26:00,360] {dag.py:2396} INFO - Sync 1 DAGs
[2023-10-06 11:26:00,496] {logging_mixin.py:109} INFO - [2023-10-06 11:26:00,495] {dag.py:2935} INFO - Setting next_dagrun for dag_fligoo_etl_v2 to None
[2023-10-06 11:26:00,511] {processor.py:171} INFO - Processing /opt/airflow/dags/dag_fligoo_etl.py took 1.639 seconds
[2023-10-06 11:27:00,831] {processor.py:163} INFO - Started process (PID=5051) to work on /opt/airflow/dags/dag_fligoo_etl.py
[2023-10-06 11:27:00,835] {processor.py:642} INFO - Processing file /opt/airflow/dags/dag_fligoo_etl.py for tasks to queue
[2023-10-06 11:27:00,836] {logging_mixin.py:109} INFO - [2023-10-06 11:27:00,836] {dagbag.py:500} INFO - Filling up the DagBag from /opt/airflow/dags/dag_fligoo_etl.py
[2023-10-06 11:27:02,338] {processor.py:654} INFO - DAG(s) dict_keys(['dag_fligoo_etl_v2']) retrieved from /opt/airflow/dags/dag_fligoo_etl.py
[2023-10-06 11:27:02,362] {logging_mixin.py:109} INFO - [2023-10-06 11:27:02,361] {dag.py:2396} INFO - Sync 1 DAGs
[2023-10-06 11:27:02,405] {logging_mixin.py:109} INFO - [2023-10-06 11:27:02,405] {dag.py:2935} INFO - Setting next_dagrun for dag_fligoo_etl_v2 to None
[2023-10-06 11:27:02,434] {processor.py:171} INFO - Processing /opt/airflow/dags/dag_fligoo_etl.py took 1.608 seconds
[2023-10-06 11:28:03,117] {processor.py:163} INFO - Started process (PID=5119) to work on /opt/airflow/dags/dag_fligoo_etl.py
[2023-10-06 11:28:03,119] {processor.py:642} INFO - Processing file /opt/airflow/dags/dag_fligoo_etl.py for tasks to queue
[2023-10-06 11:28:03,121] {logging_mixin.py:109} INFO - [2023-10-06 11:28:03,120] {dagbag.py:500} INFO - Filling up the DagBag from /opt/airflow/dags/dag_fligoo_etl.py
[2023-10-06 11:28:04,637] {processor.py:654} INFO - DAG(s) dict_keys(['dag_fligoo_etl_v2']) retrieved from /opt/airflow/dags/dag_fligoo_etl.py
[2023-10-06 11:28:04,663] {logging_mixin.py:109} INFO - [2023-10-06 11:28:04,662] {dag.py:2396} INFO - Sync 1 DAGs
[2023-10-06 11:28:04,708] {logging_mixin.py:109} INFO - [2023-10-06 11:28:04,707] {dag.py:2935} INFO - Setting next_dagrun for dag_fligoo_etl_v2 to None
[2023-10-06 11:28:04,724] {processor.py:171} INFO - Processing /opt/airflow/dags/dag_fligoo_etl.py took 1.613 seconds
[2023-10-06 11:29:05,142] {processor.py:163} INFO - Started process (PID=5187) to work on /opt/airflow/dags/dag_fligoo_etl.py
[2023-10-06 11:29:05,146] {processor.py:642} INFO - Processing file /opt/airflow/dags/dag_fligoo_etl.py for tasks to queue
[2023-10-06 11:29:05,147] {logging_mixin.py:109} INFO - [2023-10-06 11:29:05,147] {dagbag.py:500} INFO - Filling up the DagBag from /opt/airflow/dags/dag_fligoo_etl.py
[2023-10-06 11:29:06,761] {processor.py:654} INFO - DAG(s) dict_keys(['dag_fligoo_etl_v2']) retrieved from /opt/airflow/dags/dag_fligoo_etl.py
[2023-10-06 11:29:06,786] {logging_mixin.py:109} INFO - [2023-10-06 11:29:06,784] {dag.py:2396} INFO - Sync 1 DAGs
[2023-10-06 11:29:06,821] {logging_mixin.py:109} INFO - [2023-10-06 11:29:06,820] {dag.py:2935} INFO - Setting next_dagrun for dag_fligoo_etl_v2 to None
[2023-10-06 11:29:06,835] {processor.py:171} INFO - Processing /opt/airflow/dags/dag_fligoo_etl.py took 1.698 seconds
[2023-10-06 11:30:07,374] {processor.py:163} INFO - Started process (PID=5271) to work on /opt/airflow/dags/dag_fligoo_etl.py
[2023-10-06 11:30:07,376] {processor.py:642} INFO - Processing file /opt/airflow/dags/dag_fligoo_etl.py for tasks to queue
[2023-10-06 11:30:07,377] {logging_mixin.py:109} INFO - [2023-10-06 11:30:07,377] {dagbag.py:500} INFO - Filling up the DagBag from /opt/airflow/dags/dag_fligoo_etl.py
[2023-10-06 11:30:08,936] {processor.py:654} INFO - DAG(s) dict_keys(['dag_fligoo_etl_v2']) retrieved from /opt/airflow/dags/dag_fligoo_etl.py
[2023-10-06 11:30:08,965] {logging_mixin.py:109} INFO - [2023-10-06 11:30:08,964] {dag.py:2396} INFO - Sync 1 DAGs
[2023-10-06 11:30:09,013] {logging_mixin.py:109} INFO - [2023-10-06 11:30:09,013] {dag.py:2935} INFO - Setting next_dagrun for dag_fligoo_etl_v2 to None
[2023-10-06 11:30:09,031] {processor.py:171} INFO - Processing /opt/airflow/dags/dag_fligoo_etl.py took 1.662 seconds
[2023-10-06 11:31:09,147] {processor.py:163} INFO - Started process (PID=5339) to work on /opt/airflow/dags/dag_fligoo_etl.py
[2023-10-06 11:31:09,151] {processor.py:642} INFO - Processing file /opt/airflow/dags/dag_fligoo_etl.py for tasks to queue
[2023-10-06 11:31:09,153] {logging_mixin.py:109} INFO - [2023-10-06 11:31:09,153] {dagbag.py:500} INFO - Filling up the DagBag from /opt/airflow/dags/dag_fligoo_etl.py
[2023-10-06 11:31:10,569] {processor.py:654} INFO - DAG(s) dict_keys(['dag_fligoo_etl_v2']) retrieved from /opt/airflow/dags/dag_fligoo_etl.py
[2023-10-06 11:31:10,591] {logging_mixin.py:109} INFO - [2023-10-06 11:31:10,590] {dag.py:2396} INFO - Sync 1 DAGs
[2023-10-06 11:31:10,625] {logging_mixin.py:109} INFO - [2023-10-06 11:31:10,625] {dag.py:2935} INFO - Setting next_dagrun for dag_fligoo_etl_v2 to None
[2023-10-06 11:31:10,639] {processor.py:171} INFO - Processing /opt/airflow/dags/dag_fligoo_etl.py took 1.501 seconds
[2023-10-06 11:32:11,269] {processor.py:163} INFO - Started process (PID=5417) to work on /opt/airflow/dags/dag_fligoo_etl.py
[2023-10-06 11:32:11,271] {processor.py:642} INFO - Processing file /opt/airflow/dags/dag_fligoo_etl.py for tasks to queue
[2023-10-06 11:32:11,272] {logging_mixin.py:109} INFO - [2023-10-06 11:32:11,272] {dagbag.py:500} INFO - Filling up the DagBag from /opt/airflow/dags/dag_fligoo_etl.py
[2023-10-06 11:32:12,732] {processor.py:654} INFO - DAG(s) dict_keys(['dag_fligoo_etl_v2']) retrieved from /opt/airflow/dags/dag_fligoo_etl.py
[2023-10-06 11:32:12,754] {logging_mixin.py:109} INFO - [2023-10-06 11:32:12,753] {dag.py:2396} INFO - Sync 1 DAGs
[2023-10-06 11:32:12,789] {logging_mixin.py:109} INFO - [2023-10-06 11:32:12,789] {dag.py:2935} INFO - Setting next_dagrun for dag_fligoo_etl_v2 to None
[2023-10-06 11:32:12,804] {processor.py:171} INFO - Processing /opt/airflow/dags/dag_fligoo_etl.py took 1.540 seconds
[2023-10-06 11:33:13,264] {processor.py:163} INFO - Started process (PID=5491) to work on /opt/airflow/dags/dag_fligoo_etl.py
[2023-10-06 11:33:13,267] {processor.py:642} INFO - Processing file /opt/airflow/dags/dag_fligoo_etl.py for tasks to queue
[2023-10-06 11:33:13,268] {logging_mixin.py:109} INFO - [2023-10-06 11:33:13,268] {dagbag.py:500} INFO - Filling up the DagBag from /opt/airflow/dags/dag_fligoo_etl.py
[2023-10-06 11:33:14,839] {processor.py:654} INFO - DAG(s) dict_keys(['dag_fligoo_etl_v2']) retrieved from /opt/airflow/dags/dag_fligoo_etl.py
[2023-10-06 11:33:14,864] {logging_mixin.py:109} INFO - [2023-10-06 11:33:14,862] {dag.py:2396} INFO - Sync 1 DAGs
[2023-10-06 11:33:14,902] {logging_mixin.py:109} INFO - [2023-10-06 11:33:14,902] {dag.py:2935} INFO - Setting next_dagrun for dag_fligoo_etl_v2 to None
[2023-10-06 11:33:14,917] {processor.py:171} INFO - Processing /opt/airflow/dags/dag_fligoo_etl.py took 1.659 seconds
[2023-10-06 11:34:15,409] {processor.py:163} INFO - Started process (PID=5559) to work on /opt/airflow/dags/dag_fligoo_etl.py
[2023-10-06 11:34:15,412] {processor.py:642} INFO - Processing file /opt/airflow/dags/dag_fligoo_etl.py for tasks to queue
[2023-10-06 11:34:15,413] {logging_mixin.py:109} INFO - [2023-10-06 11:34:15,413] {dagbag.py:500} INFO - Filling up the DagBag from /opt/airflow/dags/dag_fligoo_etl.py
[2023-10-06 11:34:16,921] {processor.py:654} INFO - DAG(s) dict_keys(['dag_fligoo_etl_v2']) retrieved from /opt/airflow/dags/dag_fligoo_etl.py
[2023-10-06 11:34:16,943] {logging_mixin.py:109} INFO - [2023-10-06 11:34:16,942] {dag.py:2396} INFO - Sync 1 DAGs
[2023-10-06 11:34:16,978] {logging_mixin.py:109} INFO - [2023-10-06 11:34:16,978] {dag.py:2935} INFO - Setting next_dagrun for dag_fligoo_etl_v2 to None
[2023-10-06 11:34:16,993] {processor.py:171} INFO - Processing /opt/airflow/dags/dag_fligoo_etl.py took 1.589 seconds
[2023-10-06 11:35:17,061] {processor.py:163} INFO - Started process (PID=5643) to work on /opt/airflow/dags/dag_fligoo_etl.py
[2023-10-06 11:35:17,064] {processor.py:642} INFO - Processing file /opt/airflow/dags/dag_fligoo_etl.py for tasks to queue
[2023-10-06 11:35:17,066] {logging_mixin.py:109} INFO - [2023-10-06 11:35:17,066] {dagbag.py:500} INFO - Filling up the DagBag from /opt/airflow/dags/dag_fligoo_etl.py
[2023-10-06 11:35:18,642] {processor.py:654} INFO - DAG(s) dict_keys(['dag_fligoo_etl_v2']) retrieved from /opt/airflow/dags/dag_fligoo_etl.py
[2023-10-06 11:35:18,666] {logging_mixin.py:109} INFO - [2023-10-06 11:35:18,664] {dag.py:2396} INFO - Sync 1 DAGs
[2023-10-06 11:35:18,702] {logging_mixin.py:109} INFO - [2023-10-06 11:35:18,701] {dag.py:2935} INFO - Setting next_dagrun for dag_fligoo_etl_v2 to None
[2023-10-06 11:35:18,716] {processor.py:171} INFO - Processing /opt/airflow/dags/dag_fligoo_etl.py took 1.663 seconds
[2023-10-06 11:36:19,401] {processor.py:163} INFO - Started process (PID=5712) to work on /opt/airflow/dags/dag_fligoo_etl.py
[2023-10-06 11:36:19,403] {processor.py:642} INFO - Processing file /opt/airflow/dags/dag_fligoo_etl.py for tasks to queue
[2023-10-06 11:36:19,405] {logging_mixin.py:109} INFO - [2023-10-06 11:36:19,404] {dagbag.py:500} INFO - Filling up the DagBag from /opt/airflow/dags/dag_fligoo_etl.py
[2023-10-06 11:36:20,945] {processor.py:654} INFO - DAG(s) dict_keys(['dag_fligoo_etl_v2']) retrieved from /opt/airflow/dags/dag_fligoo_etl.py
[2023-10-06 11:36:20,968] {logging_mixin.py:109} INFO - [2023-10-06 11:36:20,967] {dag.py:2396} INFO - Sync 1 DAGs
[2023-10-06 11:36:21,005] {logging_mixin.py:109} INFO - [2023-10-06 11:36:21,005] {dag.py:2935} INFO - Setting next_dagrun for dag_fligoo_etl_v2 to None
[2023-10-06 11:36:21,021] {processor.py:171} INFO - Processing /opt/airflow/dags/dag_fligoo_etl.py took 1.625 seconds
[2023-10-06 11:37:21,665] {processor.py:163} INFO - Started process (PID=5780) to work on /opt/airflow/dags/dag_fligoo_etl.py
[2023-10-06 11:37:21,667] {processor.py:642} INFO - Processing file /opt/airflow/dags/dag_fligoo_etl.py for tasks to queue
[2023-10-06 11:37:21,668] {logging_mixin.py:109} INFO - [2023-10-06 11:37:21,668] {dagbag.py:500} INFO - Filling up the DagBag from /opt/airflow/dags/dag_fligoo_etl.py
[2023-10-06 11:37:23,208] {processor.py:654} INFO - DAG(s) dict_keys(['dag_fligoo_etl_v2']) retrieved from /opt/airflow/dags/dag_fligoo_etl.py
[2023-10-06 11:37:23,230] {logging_mixin.py:109} INFO - [2023-10-06 11:37:23,229] {dag.py:2396} INFO - Sync 1 DAGs
[2023-10-06 11:37:23,265] {logging_mixin.py:109} INFO - [2023-10-06 11:37:23,265] {dag.py:2935} INFO - Setting next_dagrun for dag_fligoo_etl_v2 to None
[2023-10-06 11:37:23,279] {processor.py:171} INFO - Processing /opt/airflow/dags/dag_fligoo_etl.py took 1.620 seconds
[2023-10-06 11:38:23,907] {processor.py:163} INFO - Started process (PID=5864) to work on /opt/airflow/dags/dag_fligoo_etl.py
[2023-10-06 11:38:23,909] {processor.py:642} INFO - Processing file /opt/airflow/dags/dag_fligoo_etl.py for tasks to queue
[2023-10-06 11:38:23,910] {logging_mixin.py:109} INFO - [2023-10-06 11:38:23,910] {dagbag.py:500} INFO - Filling up the DagBag from /opt/airflow/dags/dag_fligoo_etl.py
[2023-10-06 11:38:25,526] {processor.py:654} INFO - DAG(s) dict_keys(['dag_fligoo_etl_v2']) retrieved from /opt/airflow/dags/dag_fligoo_etl.py
[2023-10-06 11:38:25,552] {logging_mixin.py:109} INFO - [2023-10-06 11:38:25,551] {dag.py:2396} INFO - Sync 1 DAGs
[2023-10-06 11:38:25,591] {logging_mixin.py:109} INFO - [2023-10-06 11:38:25,590] {dag.py:2935} INFO - Setting next_dagrun for dag_fligoo_etl_v2 to None
[2023-10-06 11:38:25,607] {processor.py:171} INFO - Processing /opt/airflow/dags/dag_fligoo_etl.py took 1.706 seconds
[2023-10-06 11:41:30,398] {processor.py:163} INFO - Started process (PID=6084) to work on /opt/airflow/dags/dag_fligoo_etl.py
[2023-10-06 11:41:30,401] {processor.py:642} INFO - Processing file /opt/airflow/dags/dag_fligoo_etl.py for tasks to queue
[2023-10-06 11:41:30,402] {logging_mixin.py:109} INFO - [2023-10-06 11:41:30,402] {dagbag.py:500} INFO - Filling up the DagBag from /opt/airflow/dags/dag_fligoo_etl.py
[2023-10-06 11:41:32,003] {processor.py:654} INFO - DAG(s) dict_keys(['dag_fligoo_etl_v2']) retrieved from /opt/airflow/dags/dag_fligoo_etl.py
[2023-10-06 11:41:32,029] {logging_mixin.py:109} INFO - [2023-10-06 11:41:32,027] {dag.py:2396} INFO - Sync 1 DAGs
[2023-10-06 11:41:32,070] {logging_mixin.py:109} INFO - [2023-10-06 11:41:32,070] {dag.py:2935} INFO - Setting next_dagrun for dag_fligoo_etl_v2 to None
[2023-10-06 11:41:32,193] {processor.py:171} INFO - Processing /opt/airflow/dags/dag_fligoo_etl.py took 1.800 seconds
[2023-10-06 11:42:32,240] {processor.py:163} INFO - Started process (PID=6152) to work on /opt/airflow/dags/dag_fligoo_etl.py
[2023-10-06 11:42:32,243] {processor.py:642} INFO - Processing file /opt/airflow/dags/dag_fligoo_etl.py for tasks to queue
[2023-10-06 11:42:32,245] {logging_mixin.py:109} INFO - [2023-10-06 11:42:32,244] {dagbag.py:500} INFO - Filling up the DagBag from /opt/airflow/dags/dag_fligoo_etl.py
[2023-10-06 11:42:33,768] {processor.py:654} INFO - DAG(s) dict_keys(['dag_fligoo_etl_v2']) retrieved from /opt/airflow/dags/dag_fligoo_etl.py
[2023-10-06 11:42:33,791] {logging_mixin.py:109} INFO - [2023-10-06 11:42:33,790] {dag.py:2396} INFO - Sync 1 DAGs
[2023-10-06 11:42:33,928] {logging_mixin.py:109} INFO - [2023-10-06 11:42:33,928] {dag.py:2935} INFO - Setting next_dagrun for dag_fligoo_etl_v2 to None
[2023-10-06 11:42:33,943] {processor.py:171} INFO - Processing /opt/airflow/dags/dag_fligoo_etl.py took 1.709 seconds
[2023-10-06 11:43:34,380] {processor.py:163} INFO - Started process (PID=6236) to work on /opt/airflow/dags/dag_fligoo_etl.py
[2023-10-06 11:43:34,383] {processor.py:642} INFO - Processing file /opt/airflow/dags/dag_fligoo_etl.py for tasks to queue
[2023-10-06 11:43:34,384] {logging_mixin.py:109} INFO - [2023-10-06 11:43:34,384] {dagbag.py:500} INFO - Filling up the DagBag from /opt/airflow/dags/dag_fligoo_etl.py
[2023-10-06 11:43:36,102] {processor.py:654} INFO - DAG(s) dict_keys(['dag_fligoo_etl_v2']) retrieved from /opt/airflow/dags/dag_fligoo_etl.py
[2023-10-06 11:43:36,327] {logging_mixin.py:109} INFO - [2023-10-06 11:43:36,326] {dag.py:2396} INFO - Sync 1 DAGs
[2023-10-06 11:43:36,378] {logging_mixin.py:109} INFO - [2023-10-06 11:43:36,378] {dag.py:2935} INFO - Setting next_dagrun for dag_fligoo_etl_v2 to None
[2023-10-06 11:43:36,396] {processor.py:171} INFO - Processing /opt/airflow/dags/dag_fligoo_etl.py took 2.021 seconds
[2023-10-06 11:44:37,110] {processor.py:163} INFO - Started process (PID=6304) to work on /opt/airflow/dags/dag_fligoo_etl.py
[2023-10-06 11:44:37,114] {processor.py:642} INFO - Processing file /opt/airflow/dags/dag_fligoo_etl.py for tasks to queue
[2023-10-06 11:44:37,115] {logging_mixin.py:109} INFO - [2023-10-06 11:44:37,115] {dagbag.py:500} INFO - Filling up the DagBag from /opt/airflow/dags/dag_fligoo_etl.py
[2023-10-06 11:44:38,727] {processor.py:654} INFO - DAG(s) dict_keys(['dag_fligoo_etl_v2']) retrieved from /opt/airflow/dags/dag_fligoo_etl.py
[2023-10-06 11:44:38,752] {logging_mixin.py:109} INFO - [2023-10-06 11:44:38,751] {dag.py:2396} INFO - Sync 1 DAGs
[2023-10-06 11:44:38,799] {logging_mixin.py:109} INFO - [2023-10-06 11:44:38,798] {dag.py:2935} INFO - Setting next_dagrun for dag_fligoo_etl_v2 to None
[2023-10-06 11:44:38,843] {processor.py:171} INFO - Processing /opt/airflow/dags/dag_fligoo_etl.py took 1.741 seconds
[2023-10-06 11:45:39,465] {processor.py:163} INFO - Started process (PID=6372) to work on /opt/airflow/dags/dag_fligoo_etl.py
[2023-10-06 11:45:39,468] {processor.py:642} INFO - Processing file /opt/airflow/dags/dag_fligoo_etl.py for tasks to queue
[2023-10-06 11:45:39,472] {logging_mixin.py:109} INFO - [2023-10-06 11:45:39,471] {dagbag.py:500} INFO - Filling up the DagBag from /opt/airflow/dags/dag_fligoo_etl.py
[2023-10-06 11:45:41,418] {processor.py:654} INFO - DAG(s) dict_keys(['dag_fligoo_etl_v2']) retrieved from /opt/airflow/dags/dag_fligoo_etl.py
[2023-10-06 11:45:41,444] {logging_mixin.py:109} INFO - [2023-10-06 11:45:41,443] {dag.py:2396} INFO - Sync 1 DAGs
[2023-10-06 11:45:41,482] {logging_mixin.py:109} INFO - [2023-10-06 11:45:41,482] {dag.py:2935} INFO - Setting next_dagrun for dag_fligoo_etl_v2 to None
[2023-10-06 11:45:41,498] {processor.py:171} INFO - Processing /opt/airflow/dags/dag_fligoo_etl.py took 2.038 seconds
[2023-10-06 11:46:42,269] {processor.py:163} INFO - Started process (PID=6456) to work on /opt/airflow/dags/dag_fligoo_etl.py
[2023-10-06 11:46:42,272] {processor.py:642} INFO - Processing file /opt/airflow/dags/dag_fligoo_etl.py for tasks to queue
[2023-10-06 11:46:42,273] {logging_mixin.py:109} INFO - [2023-10-06 11:46:42,273] {dagbag.py:500} INFO - Filling up the DagBag from /opt/airflow/dags/dag_fligoo_etl.py
[2023-10-06 11:46:43,852] {processor.py:654} INFO - DAG(s) dict_keys(['dag_fligoo_etl_v2']) retrieved from /opt/airflow/dags/dag_fligoo_etl.py
[2023-10-06 11:46:43,879] {logging_mixin.py:109} INFO - [2023-10-06 11:46:43,877] {dag.py:2396} INFO - Sync 1 DAGs
[2023-10-06 11:46:43,919] {logging_mixin.py:109} INFO - [2023-10-06 11:46:43,919] {dag.py:2935} INFO - Setting next_dagrun for dag_fligoo_etl_v2 to None
[2023-10-06 11:46:43,937] {processor.py:171} INFO - Processing /opt/airflow/dags/dag_fligoo_etl.py took 1.673 seconds
[2023-10-06 11:47:44,355] {processor.py:163} INFO - Started process (PID=6524) to work on /opt/airflow/dags/dag_fligoo_etl.py
[2023-10-06 11:47:44,357] {processor.py:642} INFO - Processing file /opt/airflow/dags/dag_fligoo_etl.py for tasks to queue
[2023-10-06 11:47:44,359] {logging_mixin.py:109} INFO - [2023-10-06 11:47:44,358] {dagbag.py:500} INFO - Filling up the DagBag from /opt/airflow/dags/dag_fligoo_etl.py
[2023-10-06 11:47:45,870] {processor.py:654} INFO - DAG(s) dict_keys(['dag_fligoo_etl_v2']) retrieved from /opt/airflow/dags/dag_fligoo_etl.py
[2023-10-06 11:47:45,893] {logging_mixin.py:109} INFO - [2023-10-06 11:47:45,892] {dag.py:2396} INFO - Sync 1 DAGs
[2023-10-06 11:47:45,929] {logging_mixin.py:109} INFO - [2023-10-06 11:47:45,929] {dag.py:2935} INFO - Setting next_dagrun for dag_fligoo_etl_v2 to None
[2023-10-06 11:47:45,944] {processor.py:171} INFO - Processing /opt/airflow/dags/dag_fligoo_etl.py took 1.595 seconds
[2023-10-06 12:05:17,220] {processor.py:163} INFO - Started process (PID=185) to work on /opt/airflow/dags/dag_fligoo_etl.py
[2023-10-06 12:05:17,233] {processor.py:642} INFO - Processing file /opt/airflow/dags/dag_fligoo_etl.py for tasks to queue
[2023-10-06 12:05:17,244] {logging_mixin.py:109} INFO - [2023-10-06 12:05:17,244] {dagbag.py:500} INFO - Filling up the DagBag from /opt/airflow/dags/dag_fligoo_etl.py
[2023-10-06 12:05:30,636] {processor.py:654} INFO - DAG(s) dict_keys(['dag_fligoo_etl_v2']) retrieved from /opt/airflow/dags/dag_fligoo_etl.py
[2023-10-06 12:05:51,430] {logging_mixin.py:109} INFO - [2023-10-06 12:05:51,430] {manager.py:496} INFO - Created Permission View: can read on DAG:dag_fligoo_etl_v2
[2023-10-06 12:05:51,461] {logging_mixin.py:109} INFO - [2023-10-06 12:05:51,460] {manager.py:496} INFO - Created Permission View: can edit on DAG:dag_fligoo_etl_v2
[2023-10-06 12:05:51,464] {logging_mixin.py:109} INFO - [2023-10-06 12:05:51,463] {dag.py:2396} INFO - Sync 1 DAGs
[2023-10-06 12:05:51,494] {logging_mixin.py:109} INFO - [2023-10-06 12:05:51,493] {dag.py:2415} INFO - Creating ORM DAG for dag_fligoo_etl_v2
[2023-10-06 12:05:51,530] {logging_mixin.py:109} INFO - [2023-10-06 12:05:51,530] {dag.py:2935} INFO - Setting next_dagrun for dag_fligoo_etl_v2 to None
[2023-10-06 12:05:51,593] {processor.py:171} INFO - Processing /opt/airflow/dags/dag_fligoo_etl.py took 34.403 seconds
[2023-10-06 12:13:06,125] {processor.py:163} INFO - Started process (PID=124) to work on /opt/airflow/dags/dag_fligoo_etl.py
[2023-10-06 12:13:06,131] {processor.py:642} INFO - Processing file /opt/airflow/dags/dag_fligoo_etl.py for tasks to queue
[2023-10-06 12:13:06,139] {logging_mixin.py:109} INFO - [2023-10-06 12:13:06,138] {dagbag.py:500} INFO - Filling up the DagBag from /opt/airflow/dags/dag_fligoo_etl.py
[2023-10-06 12:13:13,812] {processor.py:654} INFO - DAG(s) dict_keys(['dag_fligoo_etl_v2']) retrieved from /opt/airflow/dags/dag_fligoo_etl.py
[2023-10-06 12:13:29,702] {logging_mixin.py:109} INFO - [2023-10-06 12:13:29,701] {manager.py:496} INFO - Created Permission View: can read on DAG:dag_fligoo_etl_v2
[2023-10-06 12:13:29,718] {logging_mixin.py:109} INFO - [2023-10-06 12:13:29,718] {manager.py:496} INFO - Created Permission View: can edit on DAG:dag_fligoo_etl_v2
[2023-10-06 12:13:29,719] {logging_mixin.py:109} INFO - [2023-10-06 12:13:29,719] {dag.py:2396} INFO - Sync 1 DAGs
[2023-10-06 12:13:29,738] {logging_mixin.py:109} INFO - [2023-10-06 12:13:29,738] {dag.py:2415} INFO - Creating ORM DAG for dag_fligoo_etl_v2
[2023-10-06 12:13:29,763] {logging_mixin.py:109} INFO - [2023-10-06 12:13:29,762] {dag.py:2935} INFO - Setting next_dagrun for dag_fligoo_etl_v2 to None
[2023-10-06 12:13:29,785] {processor.py:171} INFO - Processing /opt/airflow/dags/dag_fligoo_etl.py took 23.671 seconds
[2023-10-06 12:21:22,605] {processor.py:163} INFO - Started process (PID=122) to work on /opt/airflow/dags/dag_fligoo_etl.py
[2023-10-06 12:21:22,612] {processor.py:642} INFO - Processing file /opt/airflow/dags/dag_fligoo_etl.py for tasks to queue
[2023-10-06 12:21:22,618] {logging_mixin.py:109} INFO - [2023-10-06 12:21:22,617] {dagbag.py:500} INFO - Filling up the DagBag from /opt/airflow/dags/dag_fligoo_etl.py
